<?xml version="1.0" encoding="UTF-8" standalone="no"?>
<!DOCTYPE log SYSTEM "logger.dtd">
<log>
<record>
  <date>2024-08-07T08:19:43.108-0300</date>
  <logger>CARLOS DANIEL DA SILVA NOGUEIRA</logger>
  <level>FINE</level>
  <message>File 123110817-CARLOS DANIEL DA SILVA NOGUEIRA.zip was received. It was sent by CARLOS DANIEL DA SILVA NOGUEIRA from IP 150.165.74.85 at 07-08-2024 08*19*42</message>
</record>
</log>
<?xml version="1.0" encoding="UTF-8" standalone="no"?>
<!DOCTYPE log SYSTEM "logger.dtd">
<log>
<record>
  <date>2024-08-07T10:56:12.545-0300</date>
  <logger>CARLOS DANIEL DA SILVA NOGUEIRA</logger>
  <level>FINE</level>
  <message>File 123110817-CARLOS DANIEL DA SILVA NOGUEIRA.zip was received. It was sent by CARLOS DANIEL DA SILVA NOGUEIRA from IP 150.165.74.26 at 07-08-2024 10*56*12</message>
</record>
</log>
<?xml version="1.0" encoding="UTF-8" standalone="no"?>
<!DOCTYPE log SYSTEM "logger.dtd">
<log>
<record>
  <date>2024-08-07T15:24:07.069-0300</date>
  <logger>CARLOS DANIEL DA SILVA NOGUEIRA</logger>
  <level>FINE</level>
  <message>File 123110817-CARLOS DANIEL DA SILVA NOGUEIRA.zip was received. It was sent by CARLOS DANIEL DA SILVA NOGUEIRA from IP 150.165.74.26 at 07-08-2024 15*24*07</message>
</record>
