<?xml version="1.0" encoding="UTF-8" standalone="no"?>
<!DOCTYPE log SYSTEM "logger.dtd">
<log>
<record>
  <date>2024-08-05T17:13:03.459-0300</date>
  <logger>CARLOS DANIEL DA SILVA NOGUEIRA</logger>
  <level>FINE</level>
  <message>File 123110817-CARLOS DANIEL DA SILVA NOGUEIRA.zip was received. It was sent by CARLOS DANIEL DA SILVA NOGUEIRA from IP 172.28.12.109 at 05-08-2024 17*13*03</message>
</record>
</log>
<?xml version="1.0" encoding="UTF-8" standalone="no"?>
<!DOCTYPE log SYSTEM "logger.dtd">
<log>
<record>
  <date>2024-08-05T23:34:09.884-0300</date>
  <logger>CARLOS DANIEL DA SILVA NOGUEIRA</logger>
  <level>FINE</level>
  <message>File 123110817-CARLOS DANIEL DA SILVA NOGUEIRA.zip was received. It was sent by CARLOS DANIEL DA SILVA NOGUEIRA from IP 172.28.12.109 at 05-08-2024 23*34*09</message>
</record>
</log>
<?xml version="1.0" encoding="UTF-8" standalone="no"?>
<!DOCTYPE log SYSTEM "logger.dtd">
<log>
<record>
  <date>2024-08-06T13:10:20.270-0300</date>
  <logger>CARLOS DANIEL DA SILVA NOGUEIRA</logger>
  <level>FINE</level>
  <message>File 123110817-CARLOS DANIEL DA SILVA NOGUEIRA.zip was received. It was sent by CARLOS DANIEL DA SILVA NOGUEIRA from IP 150.165.74.81 at 06-08-2024 13*10*20</message>
</record>
