<?xml version="1.0" encoding="UTF-8" standalone="no"?>
<!DOCTYPE log SYSTEM "logger.dtd">
<log>
<record>
  <date>2024-07-24T08:39:35.206-0300</date>
  <logger>CARLOS DANIEL DA SILVA NOGUEIRA</logger>
  <level>FINE</level>
  <message>File 123110817-CARLOS DANIEL DA SILVA NOGUEIRA.zip was received. It was sent by CARLOS DANIEL DA SILVA NOGUEIRA from IP 150.165.74.96 at 24-07-2024 08*39*35</message>
</record>
</log>
<?xml version="1.0" encoding="UTF-8" standalone="no"?>
<!DOCTYPE log SYSTEM "logger.dtd">
<log>
<record>
  <date>2024-07-24T09:46:12.848-0300</date>
  <logger>CARLOS DANIEL DA SILVA NOGUEIRA</logger>
  <level>FINE</level>
  <message>File 123110817-CARLOS DANIEL DA SILVA NOGUEIRA.zip was received. It was sent by CARLOS DANIEL DA SILVA NOGUEIRA from IP 150.165.74.96 at 24-07-2024 09*46*12</message>
</record>
</log>
<?xml version="1.0" encoding="UTF-8" standalone="no"?>
<!DOCTYPE log SYSTEM "logger.dtd">
<log>
<record>
  <date>2024-07-26T11:21:50.639-0300</date>
  <logger>CARLOS DANIEL DA SILVA NOGUEIRA</logger>
  <level>FINE</level>
  <message>File 123110817-CARLOS DANIEL DA SILVA NOGUEIRA.zip was received. It was sent by CARLOS DANIEL DA SILVA NOGUEIRA from IP 150.165.74.85 at 26-07-2024 11*21*50</message>
</record>
</log>
<?xml version="1.0" encoding="UTF-8" standalone="no"?>
<!DOCTYPE log SYSTEM "logger.dtd">
<log>
<record>
  <date>2024-07-31T07:33:05.985-0300</date>
  <logger>CARLOS DANIEL DA SILVA NOGUEIRA</logger>
  <level>FINE</level>
  <message>File 123110817-CARLOS DANIEL DA SILVA NOGUEIRA.zip was received. It was sent by CARLOS DANIEL DA SILVA NOGUEIRA from IP 150.165.74.28 at 31-07-2024 07*33*05</message>
</record>
</log>
<?xml version="1.0" encoding="UTF-8" standalone="no"?>
<!DOCTYPE log SYSTEM "logger.dtd">
<log>
<record>
  <date>2024-07-31T07:43:50.187-0300</date>
  <logger>CARLOS DANIEL DA SILVA NOGUEIRA</logger>
  <level>FINE</level>
  <message>File 123110817-CARLOS DANIEL DA SILVA NOGUEIRA.zip was received. It was sent by CARLOS DANIEL DA SILVA NOGUEIRA from IP 150.165.74.28 at 31-07-2024 07*43*50</message>
</record>
</log>
<?xml version="1.0" encoding="UTF-8" standalone="no"?>
<!DOCTYPE log SYSTEM "logger.dtd">
<log>
<record>
  <date>2024-07-31T07:45:58.591-0300</date>
  <logger>CARLOS DANIEL DA SILVA NOGUEIRA</logger>
  <level>FINE</level>
  <message>File 123110817-CARLOS DANIEL DA SILVA NOGUEIRA.zip was received. It was sent by CARLOS DANIEL DA SILVA NOGUEIRA from IP 150.165.74.28 at 31-07-2024 07*45*58</message>
</record>
</log>
<?xml version="1.0" encoding="UTF-8" standalone="no"?>
<!DOCTYPE log SYSTEM "logger.dtd">
<log>
<record>
  <date>2024-08-02T15:57:04.986-0300</date>
  <logger>CARLOS DANIEL DA SILVA NOGUEIRA</logger>
  <level>FINE</level>
  <message>File 123110817-CARLOS DANIEL DA SILVA NOGUEIRA.zip was received. It was sent by CARLOS DANIEL DA SILVA NOGUEIRA from IP 150.165.74.25 at 02-08-2024 15*57*04</message>
</record>
</log>
<?xml version="1.0" encoding="UTF-8" standalone="no"?>
<!DOCTYPE log SYSTEM "logger.dtd">
<log>
<record>
  <date>2024-08-02T16:45:28.001-0300</date>
  <logger>CARLOS DANIEL DA SILVA NOGUEIRA</logger>
  <level>FINE</level>
  <message>File 123110817-CARLOS DANIEL DA SILVA NOGUEIRA.zip was received. It was sent by CARLOS DANIEL DA SILVA NOGUEIRA from IP 150.165.74.25 at 02-08-2024 16*45*27</message>
</record>
